Using pre-set license
Built from '2020.3/china_unity/release' branch; Version is '2020.3.30f1c1 (b9cd9c36b8f8) revision 12176796'; Using compiler version '192528614'; Build Type 'Release'
OS: 'Windows 10  (10.0.19042) 64bit Professional' Language: 'zh' Physical Memory: 16244 MB
BatchMode: 1, IsHumanControllingUs: 0, StartBugReporterOnCrash: 0, Is64bit: 1, IsPro: 0

COMMAND LINE ARGUMENTS:
D:\Unitys\2020.3.30f1c1\Editor\Unity.exe
-adb2
-batchMode
-noUpm
-name
AssetImportWorker0
-projectPath
E:/UnityProject/QarthFramework/QarthFramework
-logFile
Logs/AssetImportWorker0.log
-srvPort
56545
Successfully changed project path to: E:/UnityProject/QarthFramework/QarthFramework
E:/UnityProject/QarthFramework/QarthFramework
Using Asset Import Pipeline V2.
AS: AutoStreaming module initializing.Refreshing native plugins compatible for Editor in 116.81 ms, found 2 plugins.
Preloading 0 native plugins for Editor in 0.00 ms.
Initialize engine version: 2020.3.30f1c1 (b9cd9c36b8f8)
[Subsystems] Discovering subsystems at path D:/Unitys/2020.3.30f1c1/Editor/Data/Resources/UnitySubsystems
[Subsystems] Discovering subsystems at path E:/UnityProject/QarthFramework/QarthFramework/Assets
GfxDevice: creating device client; threaded=0
Direct3D:
    Version:  Direct3D 11.0 [level 11.1]
    Renderer: NVIDIA GeForce GTX 1050 (ID=0x1c8d)
    Vendor:   
    VRAM:     4019 MB
    Driver:   27.21.14.6231
Initialize mono
Mono path[0] = 'D:/Unitys/2020.3.30f1c1/Editor/Data/Managed'
Mono path[1] = 'D:/Unitys/2020.3.30f1c1/Editor/Data/MonoBleedingEdge/lib/mono/unityjit'
Mono config path = 'D:/Unitys/2020.3.30f1c1/Editor/Data/MonoBleedingEdge/etc'
Using monoOptions --debugger-agent=transport=dt_socket,embedding=1,server=y,suspend=n,address=127.0.0.1:56588
Begin MonoManager ReloadAssembly
Registering precompiled unity dll's ...
Register platform support module: D:/Unitys/2020.3.30f1c1/Editor/Data/PlaybackEngines/WindowsStandaloneSupport/UnityEditor.WindowsStandalone.Extensions.dll
Registered in 0.001585 seconds.
Native extension for WindowsStandalone target not found
Refreshing native plugins compatible for Editor in 152.92 ms, found 2 plugins.
Preloading 0 native plugins for Editor in 0.00 ms.
Mono: successfully reloaded assembly
- Completed reload, in  1.016 seconds
Domain Reload Profiling:
	ReloadAssembly (1016ms)
		BeginReloadAssembly (115ms)
			ExecutionOrderSort (0ms)
			DisableScriptedObjects (0ms)
			BackupInstance (0ms)
			ReleaseScriptingObjects (0ms)
			CreateAndSetChildDomain (6ms)
		EndReloadAssembly (811ms)
			LoadAssemblies (109ms)
			RebuildTransferFunctionScriptingTraits (0ms)
			SetupTypeCache (271ms)
			ReleaseScriptCaches (0ms)
			RebuildScriptCaches (45ms)
			SetupLoadedEditorAssemblies (343ms)
				LogAssemblyErrors (0ms)
				InitializePlatformSupportModulesInManaged (6ms)
				SetLoadedEditorAssemblies (0ms)
				RefreshPlugins (153ms)
				BeforeProcessingInitializeOnLoad (16ms)
				ProcessInitializeOnLoadAttributes (118ms)
				ProcessInitializeOnLoadMethodAttributes (50ms)
				AfterProcessingInitializeOnLoad (0ms)
				EditorAssembliesLoaded (0ms)
			ExecutionOrderSort2 (0ms)
			AwakeInstancesAfterBackupRestoration (0ms)
Platform modules already initialized, skipping
Registering precompiled user dll's ...
Registered in 0.033373 seconds.
Begin MonoManager ReloadAssembly
OnLevelWasLoaded was found on DOTweenComponent
This message has been deprecated and will be removed in a later version of Unity.
Add a delegate to SceneManager.sceneLoaded instead to get notifications after scene loading has completed
Native extension for WindowsStandalone target not found
Refreshing native plugins compatible for Editor in 1.03 ms, found 2 plugins.
Preloading 0 native plugins for Editor in 0.00 ms.
Mono: successfully reloaded assembly
- Completed reload, in  1.779 seconds
Domain Reload Profiling:
	ReloadAssembly (1779ms)
		BeginReloadAssembly (248ms)
			ExecutionOrderSort (0ms)
			DisableScriptedObjects (9ms)
			BackupInstance (0ms)
			ReleaseScriptingObjects (0ms)
			CreateAndSetChildDomain (33ms)
		EndReloadAssembly (1407ms)
			LoadAssemblies (152ms)
			RebuildTransferFunctionScriptingTraits (0ms)
			SetupTypeCache (449ms)
			ReleaseScriptCaches (1ms)
			RebuildScriptCaches (94ms)
			SetupLoadedEditorAssemblies (556ms)
				LogAssemblyErrors (0ms)
				InitializePlatformSupportModulesInManaged (10ms)
				SetLoadedEditorAssemblies (1ms)
				RefreshPlugins (1ms)
				BeforeProcessingInitializeOnLoad (135ms)
				ProcessInitializeOnLoadAttributes (383ms)
				ProcessInitializeOnLoadMethodAttributes (19ms)
				AfterProcessingInitializeOnLoad (7ms)
				EditorAssembliesLoaded (0ms)
			ExecutionOrderSort2 (0ms)
			AwakeInstancesAfterBackupRestoration (15ms)
Platform modules already initialized, skipping
========================================================================
Worker process is ready to serve import requests
Launched and connected shader compiler UnityShaderCompiler.exe after 0.12 seconds
Refreshing native plugins compatible for Editor in 1.08 ms, found 2 plugins.
Preloading 0 native plugins for Editor in 0.00 ms.
Unloading 3605 Unused Serialized files (Serialized files now loaded: 0)
System memory in use before: 126.7 MB.
System memory in use after: 127.0 MB.

Unloading 36 unused Assets to reduce memory usage. Loaded Objects now: 4032.
Total: 4.732100 ms (FindLiveObjects: 0.843100 ms CreateObjectMapping: 0.336100 ms MarkObjects: 3.456000 ms  DeleteObjects: 0.095700 ms)

AssetImportParameters requested are different than current active one (requested -> active):
  custom:framework-win-MediaFoundation: 216162199b28c13a410421893ffa2e32 -> 
  custom:video-decoder-ogg-theora: a1e56fd34408186e4bbccfd4996cb3dc -> 
  custom:container-muxer-webm: aa71ff27fc2769a1b78a27578f13a17b -> 
  custom:container-demuxer-webm: 4f35f7cbe854078d1ac9338744f61a02 -> 
  custom:container-demuxer-ogg: 62fdf1f143b41e24485cea50d1cbac27 -> 
  custom:video-encoder-webm-vp8: eb34c28f22e8b96e1ab97ce403110664 -> 
  custom:video-decoder-webm-vp8: 9c59270c3fd7afecdb556c50c9e8de78 -> 
  custom:audio-decoder-ogg-vorbis: bf7c407c2cedff20999df2af8eb42d56 -> 
  custom:audio-encoder-webm-vorbis: bf7c407c2cedff20999df2af8eb42d56 -> 
========================================================================
Received Import Request.
  path: Assets/Framework/Resources/Config/DefaultAppConfig.asset
  artifactKey: Guid(64ab2f93bfab9fb4c9012dbd9891ca51) Importer(815301076,1909f56bfc062723c751e8b465ee728b)
Start importing Assets/Framework/Resources/Config/DefaultAppConfig.asset using Guid(64ab2f93bfab9fb4c9012dbd9891ca51) Importer(815301076,1909f56bfc062723c751e8b465ee728b)  -> (artifact id: '89c8bdd6ca53c6bc9383170afa88393a') in 0.056645 seconds 
========================================================================
Received Import Request.
  Time since last request: 0.000345 seconds.
  path: Assets/Framework/Resources/Config/DefaultProjectConfig.asset
  artifactKey: Guid(76f47e19bd865fe4ba7f0fa58b08b179) Importer(815301076,1909f56bfc062723c751e8b465ee728b)
Start importing Assets/Framework/Resources/Config/DefaultProjectConfig.asset using Guid(76f47e19bd865fe4ba7f0fa58b08b179) Importer(815301076,1909f56bfc062723c751e8b465ee728b)  -> (artifact id: '788fb224354660a1d48691c36ff04af5') in 0.009823 seconds 
========================================================================
Received Import Request.
  Time since last request: 32.284949 seconds.
  path: Assets
  artifactKey: Guid(00000000000000001000000000000000) Importer(815301076,1909f56bfc062723c751e8b465ee728b)
Start importing Assets using Guid(00000000000000001000000000000000) Importer(815301076,1909f56bfc062723c751e8b465ee728b)  -> (artifact id: '42d402b061de3733987d63b9cc3b64de') in 0.009817 seconds 
========================================================================
Received Import Request.
  Time since last request: 4.886484 seconds.
  path: Assets/Res
  artifactKey: Guid(a5e11ab2d1739de4db9f0758e625c6c7) Importer(815301076,1909f56bfc062723c751e8b465ee728b)
Start importing Assets/Res using Guid(a5e11ab2d1739de4db9f0758e625c6c7) Importer(815301076,1909f56bfc062723c751e8b465ee728b)  -> (artifact id: 'aa70699aa92edaf83122517fac1d429d') in 0.007629 seconds 
========================================================================
Received Import Request.
  Time since last request: 11.528987 seconds.
  path: Assets/Framework/Resources/Config
  artifactKey: Guid(5aecb6b586100114da7e410ca5f2666f) Importer(815301076,1909f56bfc062723c751e8b465ee728b)
Start importing Assets/Framework/Resources/Config using Guid(5aecb6b586100114da7e410ca5f2666f) Importer(815301076,1909f56bfc062723c751e8b465ee728b)  -> (artifact id: 'b8bd39ee19f8d9d46dbb0fee84392e74') in 0.006903 seconds 
========================================================================
Received Import Request.
  Time since last request: 52.067761 seconds.
  path: Assets/Framework/Scripts/Engine/App
  artifactKey: Guid(4847116292b07da4194ccee6aaefe208) Importer(815301076,1909f56bfc062723c751e8b465ee728b)
Start importing Assets/Framework/Scripts/Engine/App using Guid(4847116292b07da4194ccee6aaefe208) Importer(815301076,1909f56bfc062723c751e8b465ee728b)  -> (artifact id: '257b26a0834e364b58dc6299b06d1c73') in 0.007241 seconds 
========================================================================
Received Import Request.
  Time since last request: 9.879625 seconds.
  path: Assets/Framework/Scripts/Engine/App/ProjectConfig.asset
  artifactKey: Guid(7ccff348bb2f3464096a5b767ec20a8c) Importer(815301076,1909f56bfc062723c751e8b465ee728b)
Start importing Assets/Framework/Scripts/Engine/App/ProjectConfig.asset using Guid(7ccff348bb2f3464096a5b767ec20a8c) Importer(815301076,1909f56bfc062723c751e8b465ee728b)  -> (artifact id: '94aca463a0ce4dbce3ac921a435c496c') in 0.005467 seconds 
========================================================================
Received Import Request.
  Time since last request: 45.622462 seconds.
  path: Assets/Framework/Plugins/Android/uniClipboard.jar
  artifactKey: Guid(5252a73a0851c48d1bc2ed5fd4de6df5) Importer(815301076,1909f56bfc062723c751e8b465ee728b)
Start importing Assets/Framework/Plugins/Android/uniClipboard.jar using Guid(5252a73a0851c48d1bc2ed5fd4de6df5) Importer(815301076,1909f56bfc062723c751e8b465ee728b)  -> (artifact id: '884d0f11297a72fc5cb93dd007f71089') in 0.011068 seconds 
========================================================================
Received Import Request.
  Time since last request: 0.397111 seconds.
  path: Assets/Framework/Plugins/Android/unityandroidpermissions.aar
  artifactKey: Guid(998930d3899394f6abdcd02aacbdb157) Importer(815301076,1909f56bfc062723c751e8b465ee728b)
Start importing Assets/Framework/Plugins/Android/unityandroidpermissions.aar using Guid(998930d3899394f6abdcd02aacbdb157) Importer(815301076,1909f56bfc062723c751e8b465ee728b)  -> (artifact id: '415e320d3220991eae252058b5665096') in 0.006388 seconds 
========================================================================
Received Import Request.
  Time since last request: 6.677653 seconds.
  path: Assets/Framework/Plugins/Best HTTP/BestHTTP.asmdef
  artifactKey: Guid(9069ac25d95ca17448a247f3bb1c769f) Importer(815301076,1909f56bfc062723c751e8b465ee728b)
Start importing Assets/Framework/Plugins/Best HTTP/BestHTTP.asmdef using Guid(9069ac25d95ca17448a247f3bb1c769f) Importer(815301076,1909f56bfc062723c751e8b465ee728b)  -> (artifact id: 'febf5e2bcdaee8fb6226444bfe4f91c8') in 0.006538 seconds 
========================================================================
Received Import Request.
  Time since last request: 38.511007 seconds.
  path: Assets/Framework/Plugins/LitJson
  artifactKey: Guid(43deea81ce1c34bcb90f5971151a16ba) Importer(815301076,1909f56bfc062723c751e8b465ee728b)
Start importing Assets/Framework/Plugins/LitJson using Guid(43deea81ce1c34bcb90f5971151a16ba) Importer(815301076,1909f56bfc062723c751e8b465ee728b)  -> (artifact id: 'ae62ca501fda3c083dce0b4fc9635ad3') in 0.005012 seconds 
========================================================================
Received Prepare
Registering precompiled user dll's ...
Registered in 0.004930 seconds.
Begin MonoManager ReloadAssembly
Native extension for WindowsStandalone target not found
Refreshing native plugins compatible for Editor in 0.62 ms, found 2 plugins.
Preloading 0 native plugins for Editor in 0.00 ms.
Mono: successfully reloaded assembly
- Completed reload, in  1.042 seconds
Domain Reload Profiling:
	ReloadAssembly (1043ms)
		BeginReloadAssembly (114ms)
			ExecutionOrderSort (0ms)
			DisableScriptedObjects (5ms)
			BackupInstance (0ms)
			ReleaseScriptingObjects (0ms)
			CreateAndSetChildDomain (36ms)
		EndReloadAssembly (872ms)
			LoadAssemblies (95ms)
			RebuildTransferFunctionScriptingTraits (0ms)
			SetupTypeCache (325ms)
			ReleaseScriptCaches (1ms)
			RebuildScriptCaches (46ms)
			SetupLoadedEditorAssemblies (308ms)
				LogAssemblyErrors (0ms)
				InitializePlatformSupportModulesInManaged (5ms)
				SetLoadedEditorAssemblies (1ms)
				RefreshPlugins (1ms)
				BeforeProcessingInitializeOnLoad (90ms)
				ProcessInitializeOnLoadAttributes (196ms)
				ProcessInitializeOnLoadMethodAttributes (11ms)
				AfterProcessingInitializeOnLoad (3ms)
				EditorAssembliesLoaded (0ms)
			ExecutionOrderSort2 (0ms)
			AwakeInstancesAfterBackupRestoration (7ms)
Platform modules already initialized, skipping
OnLevelWasLoaded was found on DOTweenComponent
This message has been deprecated and will be removed in a later version of Unity.
Add a delegate to SceneManager.sceneLoaded instead to get notifications after scene loading has completed
Refreshing native plugins compatible for Editor in 0.65 ms, found 2 plugins.
Preloading 0 native plugins for Editor in 0.00 ms.
Unloading 3599 Unused Serialized files (Serialized files now loaded: 0)
System memory in use before: 126.7 MB.
System memory in use after: 126.9 MB.

Unloading 31 unused Assets to reduce memory usage. Loaded Objects now: 4034.
Total: 2.889900 ms (FindLiveObjects: 0.253800 ms CreateObjectMapping: 0.132200 ms MarkObjects: 2.477900 ms  DeleteObjects: 0.025000 ms)

AssetImportParameters requested are different than current active one (requested -> active):
  custom:framework-win-MediaFoundation: 216162199b28c13a410421893ffa2e32 -> 
  custom:video-decoder-ogg-theora: a1e56fd34408186e4bbccfd4996cb3dc -> 
  custom:container-muxer-webm: aa71ff27fc2769a1b78a27578f13a17b -> 
  custom:container-demuxer-webm: 4f35f7cbe854078d1ac9338744f61a02 -> 
  custom:container-demuxer-ogg: 62fdf1f143b41e24485cea50d1cbac27 -> 
  custom:video-encoder-webm-vp8: eb34c28f22e8b96e1ab97ce403110664 -> 
  custom:video-decoder-webm-vp8: 9c59270c3fd7afecdb556c50c9e8de78 -> 
  custom:audio-decoder-ogg-vorbis: bf7c407c2cedff20999df2af8eb42d56 -> 
  custom:audio-encoder-webm-vorbis: bf7c407c2cedff20999df2af8eb42d56 -> 
========================================================================
Received Import Request.
  Time since last request: 33.237145 seconds.
  path: Assets/Framework/Plugins/Demigiant
  artifactKey: Guid(9c016e2361e2a49129ad7ce74e4b737a) Importer(815301076,1909f56bfc062723c751e8b465ee728b)
Start importing Assets/Framework/Plugins/Demigiant using Guid(9c016e2361e2a49129ad7ce74e4b737a) Importer(815301076,1909f56bfc062723c751e8b465ee728b)  -> (artifact id: 'b8a8964e8364c2d06b59aae5b1997511') in 0.011282 seconds 
========================================================================
Received Import Request.
  Time since last request: 183.999880 seconds.
  path: Assets/Framework/Editor
  artifactKey: Guid(334084b657b3a534aba58e1860af8658) Importer(815301076,1909f56bfc062723c751e8b465ee728b)
Start importing Assets/Framework/Editor using Guid(334084b657b3a534aba58e1860af8658) Importer(815301076,1909f56bfc062723c751e8b465ee728b)  -> (artifact id: '8465b418a20dcea23b072b684a3016ea') in 0.005739 seconds 
========================================================================
Received Import Request.
  Time since last request: 43.468112 seconds.
  path: Assets/Framework/Scripts/Engine/App/AppConfig.cs
  artifactKey: Guid(791d9d1de833edd409bdcad9aadc6a37) Importer(815301076,1909f56bfc062723c751e8b465ee728b)
Start importing Assets/Framework/Scripts/Engine/App/AppConfig.cs using Guid(791d9d1de833edd409bdcad9aadc6a37) Importer(815301076,1909f56bfc062723c751e8b465ee728b)  -> (artifact id: 'd6b63f0ffb935840eb807543584895db') in 0.011920 seconds 
========================================================================
Received Import Request.
  Time since last request: 2.132013 seconds.
  path: Assets/Framework/Scripts/Engine/App/Editor/AppConfigEditor.cs
  artifactKey: Guid(d9f6fa9c4938c554fac3236822e5858b) Importer(815301076,1909f56bfc062723c751e8b465ee728b)
Start importing Assets/Framework/Scripts/Engine/App/Editor/AppConfigEditor.cs using Guid(d9f6fa9c4938c554fac3236822e5858b) Importer(815301076,1909f56bfc062723c751e8b465ee728b)  -> (artifact id: 'f824a745a22d789a3d635e2b937ddbe5') in 0.005744 seconds 
========================================================================
Received Import Request.
  Time since last request: 26.220106 seconds.
  path: Assets/Framework/Scripts/Engine/App/Editor
  artifactKey: Guid(fc97bc04e0439814c9886c6b757f01bf) Importer(815301076,1909f56bfc062723c751e8b465ee728b)
Start importing Assets/Framework/Scripts/Engine/App/Editor using Guid(fc97bc04e0439814c9886c6b757f01bf) Importer(815301076,1909f56bfc062723c751e8b465ee728b)  -> (artifact id: 'dc964b70b4e389605454b27e681755bf') in 0.002070 seconds 
========================================================================
Received Prepare
Registering precompiled user dll's ...
Registered in 0.007480 seconds.
Begin MonoManager ReloadAssembly
Native extension for WindowsStandalone target not found
Refreshing native plugins compatible for Editor in 0.62 ms, found 2 plugins.
Preloading 0 native plugins for Editor in 0.00 ms.
Mono: successfully reloaded assembly
- Completed reload, in  0.992 seconds
Domain Reload Profiling:
	ReloadAssembly (993ms)
		BeginReloadAssembly (118ms)
			ExecutionOrderSort (0ms)
			DisableScriptedObjects (5ms)
			BackupInstance (0ms)
			ReleaseScriptingObjects (0ms)
			CreateAndSetChildDomain (42ms)
		EndReloadAssembly (817ms)
			LoadAssemblies (92ms)
			RebuildTransferFunctionScriptingTraits (0ms)
			SetupTypeCache (310ms)
			ReleaseScriptCaches (1ms)
			RebuildScriptCaches (45ms)
			SetupLoadedEditorAssemblies (278ms)
				LogAssemblyErrors (0ms)
				InitializePlatformSupportModulesInManaged (5ms)
				SetLoadedEditorAssemblies (1ms)
				RefreshPlugins (1ms)
				BeforeProcessingInitializeOnLoad (78ms)
				ProcessInitializeOnLoadAttributes (183ms)
				ProcessInitializeOnLoadMethodAttributes (9ms)
				AfterProcessingInitializeOnLoad (2ms)
				EditorAssembliesLoaded (0ms)
			ExecutionOrderSort2 (0ms)
			AwakeInstancesAfterBackupRestoration (7ms)
Platform modules already initialized, skipping
OnLevelWasLoaded was found on DOTweenComponent
This message has been deprecated and will be removed in a later version of Unity.
Add a delegate to SceneManager.sceneLoaded instead to get notifications after scene loading has completed
Refreshing native plugins compatible for Editor in 0.61 ms, found 2 plugins.
Preloading 0 native plugins for Editor in 0.00 ms.
Unloading 3599 Unused Serialized files (Serialized files now loaded: 0)
System memory in use before: 126.7 MB.
System memory in use after: 127.0 MB.

Unloading 31 unused Assets to reduce memory usage. Loaded Objects now: 4036.
Total: 3.095400 ms (FindLiveObjects: 0.249900 ms CreateObjectMapping: 0.128800 ms MarkObjects: 2.690300 ms  DeleteObjects: 0.025800 ms)

AssetImportParameters requested are different than current active one (requested -> active):
  custom:framework-win-MediaFoundation: 216162199b28c13a410421893ffa2e32 -> 
  custom:video-decoder-ogg-theora: a1e56fd34408186e4bbccfd4996cb3dc -> 
  custom:container-muxer-webm: aa71ff27fc2769a1b78a27578f13a17b -> 
  custom:container-demuxer-webm: 4f35f7cbe854078d1ac9338744f61a02 -> 
  custom:container-demuxer-ogg: 62fdf1f143b41e24485cea50d1cbac27 -> 
  custom:video-encoder-webm-vp8: eb34c28f22e8b96e1ab97ce403110664 -> 
  custom:video-decoder-webm-vp8: 9c59270c3fd7afecdb556c50c9e8de78 -> 
  custom:audio-decoder-ogg-vorbis: bf7c407c2cedff20999df2af8eb42d56 -> 
  custom:audio-encoder-webm-vorbis: bf7c407c2cedff20999df2af8eb42d56 -> 
========================================================================
Received Import Request.
  Time since last request: 93.798538 seconds.
  path: Assets/Framework/Scripts/Engine/Tools/DeviceID.cs
  artifactKey: Guid(69f6b08b1cba6004a92de3843d4f5863) Importer(815301076,1909f56bfc062723c751e8b465ee728b)
Start importing Assets/Framework/Scripts/Engine/Tools/DeviceID.cs using Guid(69f6b08b1cba6004a92de3843d4f5863) Importer(815301076,1909f56bfc062723c751e8b465ee728b)  -> (artifact id: '33ae03e8112a067a88df707b84caea75') in 0.012578 seconds 
========================================================================
Received Import Request.
  Time since last request: 11.134109 seconds.
  path: Assets/Framework/Scripts/Engine/Tools/DeviceInfoHelper.cs
  artifactKey: Guid(34e4d374c6ad940ac86b667fddcb1560) Importer(815301076,1909f56bfc062723c751e8b465ee728b)
Start importing Assets/Framework/Scripts/Engine/Tools/DeviceInfoHelper.cs using Guid(34e4d374c6ad940ac86b667fddcb1560) Importer(815301076,1909f56bfc062723c751e8b465ee728b)  -> (artifact id: '8c594c32a8bb644430fde063d0e31f3f') in 0.005933 seconds 
========================================================================
Received Prepare
Registering precompiled user dll's ...
Registered in 0.005214 seconds.
Begin MonoManager ReloadAssembly
Native extension for WindowsStandalone target not found
Refreshing native plugins compatible for Editor in 0.67 ms, found 2 plugins.
Preloading 0 native plugins for Editor in 0.00 ms.
Mono: successfully reloaded assembly
- Completed reload, in  1.162 seconds
Domain Reload Profiling:
	ReloadAssembly (1162ms)
		BeginReloadAssembly (113ms)
			ExecutionOrderSort (0ms)
			DisableScriptedObjects (8ms)
			BackupInstance (0ms)
			ReleaseScriptingObjects (0ms)
			CreateAndSetChildDomain (36ms)
		EndReloadAssembly (986ms)
			LoadAssemblies (94ms)
			RebuildTransferFunctionScriptingTraits (0ms)
			SetupTypeCache (344ms)
			ReleaseScriptCaches (1ms)
			RebuildScriptCaches (47ms)
			SetupLoadedEditorAssemblies (280ms)
				LogAssemblyErrors (0ms)
				InitializePlatformSupportModulesInManaged (5ms)
				SetLoadedEditorAssemblies (1ms)
				RefreshPlugins (1ms)
				BeforeProcessingInitializeOnLoad (78ms)
				ProcessInitializeOnLoadAttributes (183ms)
				ProcessInitializeOnLoadMethodAttributes (9ms)
				AfterProcessingInitializeOnLoad (3ms)
				EditorAssembliesLoaded (0ms)
			ExecutionOrderSort2 (0ms)
			AwakeInstancesAfterBackupRestoration (7ms)
Platform modules already initialized, skipping
OnLevelWasLoaded was found on DOTweenComponent
This message has been deprecated and will be removed in a later version of Unity.
Add a delegate to SceneManager.sceneLoaded instead to get notifications after scene loading has completed
Refreshing native plugins compatible for Editor in 0.63 ms, found 2 plugins.
Preloading 0 native plugins for Editor in 0.00 ms.
Unloading 3598 Unused Serialized files (Serialized files now loaded: 0)
System memory in use before: 126.7 MB.
System memory in use after: 127.0 MB.

Unloading 32 unused Assets to reduce memory usage. Loaded Objects now: 4037.
Total: 3.543300 ms (FindLiveObjects: 0.272300 ms CreateObjectMapping: 0.157400 ms MarkObjects: 3.081800 ms  DeleteObjects: 0.030700 ms)

AssetImportParameters requested are different than current active one (requested -> active):
  custom:framework-win-MediaFoundation: 216162199b28c13a410421893ffa2e32 -> 
  custom:video-decoder-ogg-theora: a1e56fd34408186e4bbccfd4996cb3dc -> 
  custom:container-muxer-webm: aa71ff27fc2769a1b78a27578f13a17b -> 
  custom:container-demuxer-webm: 4f35f7cbe854078d1ac9338744f61a02 -> 
  custom:container-demuxer-ogg: 62fdf1f143b41e24485cea50d1cbac27 -> 
  custom:video-encoder-webm-vp8: eb34c28f22e8b96e1ab97ce403110664 -> 
  custom:video-decoder-webm-vp8: 9c59270c3fd7afecdb556c50c9e8de78 -> 
  custom:audio-decoder-ogg-vorbis: bf7c407c2cedff20999df2af8eb42d56 -> 
  custom:audio-encoder-webm-vorbis: bf7c407c2cedff20999df2af8eb42d56 -> 
========================================================================
Received Import Request.
  Time since last request: 45.877597 seconds.
  path: Assets/Framework/Scripts/Engine/Tools/EngineDefine.cs
  artifactKey: Guid(fa79c30de114b426aabdf8f820102354) Importer(815301076,1909f56bfc062723c751e8b465ee728b)
Start importing Assets/Framework/Scripts/Engine/Tools/EngineDefine.cs using Guid(fa79c30de114b426aabdf8f820102354) Importer(815301076,1909f56bfc062723c751e8b465ee728b)  -> (artifact id: 'db89293b66e92b4e118e9a2ae9aa813f') in 0.009332 seconds 
========================================================================
Received Import Request.
  Time since last request: 1.175489 seconds.
  path: Assets/Framework/Scripts/Engine/Tools/HttpHelper.cs
  artifactKey: Guid(8aa6313d734e34a75ab6f1e403439c5e) Importer(815301076,1909f56bfc062723c751e8b465ee728b)
Start importing Assets/Framework/Scripts/Engine/Tools/HttpHelper.cs using Guid(8aa6313d734e34a75ab6f1e403439c5e) Importer(815301076,1909f56bfc062723c751e8b465ee728b)  -> (artifact id: '16f149c7b0d07eebe68f3a46c5aa8cea') in 0.005991 seconds 
========================================================================
Received Import Request.
  Time since last request: 5.177543 seconds.
  path: Assets/Framework/Scripts/Engine/Tools/UniClipboard
  artifactKey: Guid(c227954352ce24d909599d60cf2c654d) Importer(815301076,1909f56bfc062723c751e8b465ee728b)
Start importing Assets/Framework/Scripts/Engine/Tools/UniClipboard using Guid(c227954352ce24d909599d60cf2c654d) Importer(815301076,1909f56bfc062723c751e8b465ee728b)  -> (artifact id: 'aa39348e8d25e619dce235a8dcc7659e') in 0.007767 seconds 
========================================================================
Received Import Request.
  Time since last request: 4.262170 seconds.
  path: Assets/Framework/Scripts/Engine/Tools/Permission/AndroidPermissionDefine.cs
  artifactKey: Guid(163fa5e1419794cb799e93264c63abc0) Importer(815301076,1909f56bfc062723c751e8b465ee728b)
Start importing Assets/Framework/Scripts/Engine/Tools/Permission/AndroidPermissionDefine.cs using Guid(163fa5e1419794cb799e93264c63abc0) Importer(815301076,1909f56bfc062723c751e8b465ee728b)  -> (artifact id: '839d2cf3055118e91dfc1c23623e9f8d') in 0.005665 seconds 
========================================================================
Received Import Request.
  Time since last request: 0.540943 seconds.
  path: Assets/Framework/Scripts/Engine/Tools/Permission/AndroidPermissionsManager.cs
  artifactKey: Guid(11a3d553c8336472488544d5d3de42f9) Importer(815301076,1909f56bfc062723c751e8b465ee728b)
Start importing Assets/Framework/Scripts/Engine/Tools/Permission/AndroidPermissionsManager.cs using Guid(11a3d553c8336472488544d5d3de42f9) Importer(815301076,1909f56bfc062723c751e8b465ee728b)  -> (artifact id: 'a164878bd7c0ecf998c65b84f4a244d0') in 0.004846 seconds 
========================================================================
Received Import Request.
  Time since last request: 3.193048 seconds.
  path: Assets/Framework/Scripts/Engine/Tools/Permission/AndroidPermissionsUsageExample.cs
  artifactKey: Guid(82f881f8fe5cc46f8926fbd54666c6ba) Importer(815301076,1909f56bfc062723c751e8b465ee728b)
Start importing Assets/Framework/Scripts/Engine/Tools/Permission/AndroidPermissionsUsageExample.cs using Guid(82f881f8fe5cc46f8926fbd54666c6ba) Importer(815301076,1909f56bfc062723c751e8b465ee728b)  -> (artifact id: 'ff9e90c3635fd5290e93397106673465') in 0.005018 seconds 
========================================================================
Received Import Request.
  Time since last request: 4.514262 seconds.
  path: Assets/Framework/Scripts/Engine/Tools
  artifactKey: Guid(241626053857e234aab26d1ce80d7566) Importer(815301076,1909f56bfc062723c751e8b465ee728b)
Start importing Assets/Framework/Scripts/Engine/Tools using Guid(241626053857e234aab26d1ce80d7566) Importer(815301076,1909f56bfc062723c751e8b465ee728b)  -> (artifact id: 'af494019d23769408781b3e1537e353c') in 0.005069 seconds 
========================================================================
Received Import Request.
  Time since last request: 8.768148 seconds.
  path: Assets/Framework/Scripts/Engine/Tools/PathHelper.cs
  artifactKey: Guid(2e30fedb23b475a45bd8af2b128f4bfb) Importer(815301076,1909f56bfc062723c751e8b465ee728b)
Start importing Assets/Framework/Scripts/Engine/Tools/PathHelper.cs using Guid(2e30fedb23b475a45bd8af2b128f4bfb) Importer(815301076,1909f56bfc062723c751e8b465ee728b)  -> (artifact id: 'a87e6b8c8124a87efa2c7c0e7336d94c') in 0.006659 seconds 
========================================================================
Received Prepare
Registering precompiled user dll's ...
Registered in 0.006048 seconds.
Begin MonoManager ReloadAssembly
Native extension for WindowsStandalone target not found
Refreshing native plugins compatible for Editor in 0.62 ms, found 2 plugins.
Preloading 0 native plugins for Editor in 0.00 ms.
Mono: successfully reloaded assembly
- Completed reload, in  1.325 seconds
Domain Reload Profiling:
	ReloadAssembly (1325ms)
		BeginReloadAssembly (170ms)
			ExecutionOrderSort (0ms)
			DisableScriptedObjects (8ms)
			BackupInstance (0ms)
			ReleaseScriptingObjects (0ms)
			CreateAndSetChildDomain (40ms)
		EndReloadAssembly (1058ms)
			LoadAssemblies (162ms)
			RebuildTransferFunctionScriptingTraits (0ms)
			SetupTypeCache (417ms)
			ReleaseScriptCaches (3ms)
			RebuildScriptCaches (82ms)
			SetupLoadedEditorAssemblies (318ms)
				LogAssemblyErrors (0ms)
				InitializePlatformSupportModulesInManaged (5ms)
				SetLoadedEditorAssemblies (0ms)
				RefreshPlugins (1ms)
				BeforeProcessingInitializeOnLoad (91ms)
				ProcessInitializeOnLoadAttributes (209ms)
				ProcessInitializeOnLoadMethodAttributes (10ms)
				AfterProcessingInitializeOnLoad (2ms)
				EditorAssembliesLoaded (0ms)
			ExecutionOrderSort2 (0ms)
			AwakeInstancesAfterBackupRestoration (7ms)
Platform modules already initialized, skipping
OnLevelWasLoaded was found on DOTweenComponent
This message has been deprecated and will be removed in a later version of Unity.
Add a delegate to SceneManager.sceneLoaded instead to get notifications after scene loading has completed
Refreshing native plugins compatible for Editor in 0.64 ms, found 2 plugins.
Preloading 0 native plugins for Editor in 0.00 ms.
Unloading 3599 Unused Serialized files (Serialized files now loaded: 0)
System memory in use before: 126.8 MB.
System memory in use after: 127.0 MB.

Unloading 31 unused Assets to reduce memory usage. Loaded Objects now: 4040.
Total: 4.114000 ms (FindLiveObjects: 0.382800 ms CreateObjectMapping: 0.220800 ms MarkObjects: 3.468300 ms  DeleteObjects: 0.040900 ms)

AssetImportParameters requested are different than current active one (requested -> active):
  custom:framework-win-MediaFoundation: 216162199b28c13a410421893ffa2e32 -> 
  custom:video-decoder-ogg-theora: a1e56fd34408186e4bbccfd4996cb3dc -> 
  custom:container-muxer-webm: aa71ff27fc2769a1b78a27578f13a17b -> 
  custom:container-demuxer-webm: 4f35f7cbe854078d1ac9338744f61a02 -> 
  custom:container-demuxer-ogg: 62fdf1f143b41e24485cea50d1cbac27 -> 
  custom:video-encoder-webm-vp8: eb34c28f22e8b96e1ab97ce403110664 -> 
  custom:video-decoder-webm-vp8: 9c59270c3fd7afecdb556c50c9e8de78 -> 
  custom:audio-decoder-ogg-vorbis: bf7c407c2cedff20999df2af8eb42d56 -> 
  custom:audio-encoder-webm-vorbis: bf7c407c2cedff20999df2af8eb42d56 -> 
